Analysis & Synthesis report for lab12step5
Mon May  5 17:39:06 2025
Quartus Prime Version 23.1std.1 Build 993 05/14/2024 SC Standard Edition


---------------------
; Table of Contents ;
---------------------
  1. Legal Notice
  2. Analysis & Synthesis Summary
  3. Analysis & Synthesis Settings
  4. Parallel Compilation
  5. Analysis & Synthesis Source Files Read
  6. Analysis & Synthesis Resource Usage Summary
  7. Analysis & Synthesis Resource Utilization by Entity
  8. General Register Statistics
  9. Multiplexer Restructuring Statistics (Restructuring Performed)
 10. Parameter Settings for User Entity Instance: regfile2:inst|reg4b:my_reg0|register:inst3|BUSMUX:inst1
 11. Parameter Settings for User Entity Instance: regfile2:inst|reg4b:my_reg0|register:inst2|BUSMUX:inst1
 12. Parameter Settings for User Entity Instance: regfile2:inst|reg4b:my_reg0|register:inst1|BUSMUX:inst1
 13. Parameter Settings for User Entity Instance: regfile2:inst|reg4b:my_reg0|register:inst|BUSMUX:inst1
 14. Parameter Settings for User Entity Instance: BUSMUX:inst1
 15. Port Connectivity Checks: "regfile2:inst|Decoder3to8:my_decoder"
 16. Post-Synthesis Netlist Statistics for Top Partition
 17. Elapsed Time Per Partition
 18. Analysis & Synthesis Messages



----------------
; Legal Notice ;
----------------
Copyright (C) 2024  Intel Corporation. All rights reserved.
Your use of Intel Corporation's design tools, logic functions 
and other software and tools, and any partner logic 
functions, and any output files from any of the foregoing 
(including device programming or simulation files), and any 
associated documentation or information are expressly subject 
to the terms and conditions of the Intel Program License 
Subscription Agreement, the Intel Quartus Prime License Agreement,
the Intel FPGA IP License Agreement, or other applicable license
agreement, including, without limitation, that your use is for
the sole purpose of programming logic devices manufactured by
Intel and sold by Intel or its authorized distributors.  Please
refer to the applicable agreement for further details, at
https://fpgasoftware.intel.com/eula.



+-----------------------------------------------------------------------------------------+
; Analysis & Synthesis Summary                                                            ;
+------------------------------------+----------------------------------------------------+
; Analysis & Synthesis Status        ; Successful - Mon May  5 17:39:06 2025              ;
; Quartus Prime Version              ; 23.1std.1 Build 993 05/14/2024 SC Standard Edition ;
; Revision Name                      ; lab12step5                                         ;
; Top-level Entity Name              ; lab12step5                                         ;
; Family                             ; Cyclone IV E                                       ;
; Total logic elements               ; 20                                                 ;
;     Total combinational functions  ; 20                                                 ;
;     Dedicated logic registers      ; 4                                                  ;
; Total registers                    ; 4                                                  ;
; Total pins                         ; 34                                                 ;
; Total virtual pins                 ; 0                                                  ;
; Total memory bits                  ; 0                                                  ;
; Embedded Multiplier 9-bit elements ; 0                                                  ;
; Total PLLs                         ; 0                                                  ;
+------------------------------------+----------------------------------------------------+


+------------------------------------------------------------------------------------------------------------+
; Analysis & Synthesis Settings                                                                              ;
+------------------------------------------------------------------+--------------------+--------------------+
; Option                                                           ; Setting            ; Default Value      ;
+------------------------------------------------------------------+--------------------+--------------------+
; Device                                                           ; EP4CE115F29C7      ;                    ;
; Top-level entity name                                            ; lab12step5         ; lab12step5         ;
; Family name                                                      ; Cyclone IV E       ; Cyclone V          ;
; Use smart compilation                                            ; Off                ; Off                ;
; Enable parallel Assembler and Timing Analyzer during compilation ; On                 ; On                 ;
; Enable compact report table                                      ; Off                ; Off                ;
; Restructure Multiplexers                                         ; Auto               ; Auto               ;
; Create Debugging Nodes for IP Cores                              ; Off                ; Off                ;
; Preserve fewer node names                                        ; On                 ; On                 ;
; Intel FPGA IP Evaluation Mode                                    ; Enable             ; Enable             ;
; Verilog Version                                                  ; Verilog_2001       ; Verilog_2001       ;
; VHDL Version                                                     ; VHDL_1993          ; VHDL_1993          ;
; State Machine Processing                                         ; Auto               ; Auto               ;
; Safe State Machine                                               ; Off                ; Off                ;
; Extract Verilog State Machines                                   ; On                 ; On                 ;
; Extract VHDL State Machines                                      ; On                 ; On                 ;
; Ignore Verilog initial constructs                                ; Off                ; Off                ;
; Iteration limit for constant Verilog loops                       ; 5000               ; 5000               ;
; Iteration limit for non-constant Verilog loops                   ; 250                ; 250                ;
; Add Pass-Through Logic to Inferred RAMs                          ; On                 ; On                 ;
; Infer RAMs from Raw Logic                                        ; On                 ; On                 ;
; Parallel Synthesis                                               ; On                 ; On                 ;
; DSP Block Balancing                                              ; Auto               ; Auto               ;
; NOT Gate Push-Back                                               ; On                 ; On                 ;
; Power-Up Don't Care                                              ; On                 ; On                 ;
; Remove Redundant Logic Cells                                     ; Off                ; Off                ;
; Remove Duplicate Registers                                       ; On                 ; On                 ;
; Ignore CARRY Buffers                                             ; Off                ; Off                ;
; Ignore CASCADE Buffers                                           ; Off                ; Off                ;
; Ignore GLOBAL Buffers                                            ; Off                ; Off                ;
; Ignore ROW GLOBAL Buffers                                        ; Off                ; Off                ;
; Ignore LCELL Buffers                                             ; Off                ; Off                ;
; Ignore SOFT Buffers                                              ; On                 ; On                 ;
; Limit AHDL Integers to 32 Bits                                   ; Off                ; Off                ;
; Optimization Technique                                           ; Balanced           ; Balanced           ;
; Carry Chain Length                                               ; 70                 ; 70                 ;
; Auto Carry Chains                                                ; On                 ; On                 ;
; Auto Open-Drain Pins                                             ; On                 ; On                 ;
; Perform WYSIWYG Primitive Resynthesis                            ; Off                ; Off                ;
; Auto ROM Replacement                                             ; On                 ; On                 ;
; Auto RAM Replacement                                             ; On                 ; On                 ;
; Auto DSP Block Replacement                                       ; On                 ; On                 ;
; Auto Shift Register Replacement                                  ; Auto               ; Auto               ;
; Allow Shift Register Merging across Hierarchies                  ; Auto               ; Auto               ;
; Auto Clock Enable Replacement                                    ; On                 ; On                 ;
; Strict RAM Replacement                                           ; Off                ; Off                ;
; Allow Synchronous Control Signals                                ; On                 ; On                 ;
; Force Use of Synchronous Clear Signals                           ; Off                ; Off                ;
; Auto RAM Block Balancing                                         ; On                 ; On                 ;
; Auto RAM to Logic Cell Conversion                                ; Off                ; Off                ;
; Auto Resource Sharing                                            ; Off                ; Off                ;
; Allow Any RAM Size For Recognition                               ; Off                ; Off                ;
; Allow Any ROM Size For Recognition                               ; Off                ; Off                ;
; Allow Any Shift Register Size For Recognition                    ; Off                ; Off                ;
; Use LogicLock Constraints during Resource Balancing              ; On                 ; On                 ;
; Ignore translate_off and synthesis_off directives                ; Off                ; Off                ;
; Timing-Driven Synthesis                                          ; On                 ; On                 ;
; Report Parameter Settings                                        ; On                 ; On                 ;
; Report Source Assignments                                        ; On                 ; On                 ;
; Report Connectivity Checks                                       ; On                 ; On                 ;
; Ignore Maximum Fan-Out Assignments                               ; Off                ; Off                ;
; Synchronization Register Chain Length                            ; 2                  ; 2                  ;
; Power Optimization During Synthesis                              ; Normal compilation ; Normal compilation ;
; HDL message level                                                ; Level2             ; Level2             ;
; Suppress Register Optimization Related Messages                  ; Off                ; Off                ;
; Number of Removed Registers Reported in Synthesis Report         ; 5000               ; 5000               ;
; Number of Swept Nodes Reported in Synthesis Report               ; 5000               ; 5000               ;
; Number of Inverted Registers Reported in Synthesis Report        ; 100                ; 100                ;
; Clock MUX Protection                                             ; On                 ; On                 ;
; Auto Gated Clock Conversion                                      ; Off                ; Off                ;
; Block Design Naming                                              ; Auto               ; Auto               ;
; SDC constraint protection                                        ; Off                ; Off                ;
; Synthesis Effort                                                 ; Auto               ; Auto               ;
; Shift Register Replacement - Allow Asynchronous Clear Signal     ; On                 ; On                 ;
; Pre-Mapping Resynthesis Optimization                             ; Off                ; Off                ;
; Analysis & Synthesis Message Level                               ; Medium             ; Medium             ;
; Disable Register Merging Across Hierarchies                      ; Auto               ; Auto               ;
; Resource Aware Inference For Block RAM                           ; On                 ; On                 ;
+------------------------------------------------------------------+--------------------+--------------------+


+------------------------------------------+
; Parallel Compilation                     ;
+----------------------------+-------------+
; Processors                 ; Number      ;
+----------------------------+-------------+
; Number detected on machine ; 24          ;
; Maximum allowed            ; 16          ;
;                            ;             ;
; Average used               ; 1.00        ;
; Maximum used               ; 16          ;
;                            ;             ;
; Usage by Processor         ; % Time Used ;
;     Processor 1            ; 100.0%      ;
;     Processors 2-16        ;   0.0%      ;
+----------------------------+-------------+


+-------------------------------------------------------------------------------------------------------------------------------------------------------------------------------+
; Analysis & Synthesis Source Files Read                                                                                                                                        ;
+----------------------------------+-----------------+------------------------------------------+---------------------------------------------------------------------+---------+
; File Name with User-Entered Path ; Used in Netlist ; File Type                                ; File Name with Absolute Path                                        ; Library ;
+----------------------------------+-----------------+------------------------------------------+---------------------------------------------------------------------+---------+
; lab12step5.bdf                   ; yes             ; User Block Diagram/Schematic File        ; U:/CPRE281/lab12/lab12step5/lab12step5.bdf                          ;         ;
; seven_seg_decoder.v              ; yes             ; Auto-Found Verilog HDL File              ; U:/CPRE281/lab12/lab12step5/seven_seg_decoder.v                     ;         ;
; regfile2.v                       ; yes             ; Auto-Found Verilog HDL File              ; U:/CPRE281/lab12/lab12step5/regfile2.v                              ;         ;
; decoder3to8.v                    ; yes             ; Auto-Found Verilog HDL File              ; U:/CPRE281/lab12/lab12step5/decoder3to8.v                           ;         ;
; reg4b.bdf                        ; yes             ; Auto-Found Block Diagram/Schematic File  ; U:/CPRE281/lab12/lab12step5/reg4b.bdf                               ;         ;
; register.bdf                     ; yes             ; Auto-Found Block Diagram/Schematic File  ; U:/CPRE281/lab12/lab12step5/register.bdf                            ;         ;
; busmux.tdf                       ; yes             ; Megafunction                             ; c:/intelfpga/23.1std/quartus/libraries/megafunctions/busmux.tdf     ;         ;
; lpm_mux.inc                      ; yes             ; Megafunction                             ; c:/intelfpga/23.1std/quartus/libraries/megafunctions/lpm_mux.inc    ;         ;
; lpm_mux.tdf                      ; yes             ; Megafunction                             ; c:/intelfpga/23.1std/quartus/libraries/megafunctions/lpm_mux.tdf    ;         ;
; aglobal231.inc                   ; yes             ; Megafunction                             ; c:/intelfpga/23.1std/quartus/libraries/megafunctions/aglobal231.inc ;         ;
; muxlut.inc                       ; yes             ; Megafunction                             ; c:/intelfpga/23.1std/quartus/libraries/megafunctions/muxlut.inc     ;         ;
; bypassff.inc                     ; yes             ; Megafunction                             ; c:/intelfpga/23.1std/quartus/libraries/megafunctions/bypassff.inc   ;         ;
; altshift.inc                     ; yes             ; Megafunction                             ; c:/intelfpga/23.1std/quartus/libraries/megafunctions/altshift.inc   ;         ;
; db/mux_7rc.tdf                   ; yes             ; Auto-Generated Megafunction              ; U:/CPRE281/lab12/lab12step5/db/mux_7rc.tdf                          ;         ;
; mux8_4b.v                        ; yes             ; Auto-Found Verilog HDL File              ; U:/CPRE281/lab12/lab12step5/mux8_4b.v                               ;         ;
; db/mux_arc.tdf                   ; yes             ; Auto-Generated Megafunction              ; U:/CPRE281/lab12/lab12step5/db/mux_arc.tdf                          ;         ;
; lab74bit.v                       ; yes             ; Auto-Found Verilog HDL File              ; U:/CPRE281/lab12/lab12step5/lab74bit.v                              ;         ;
; fa.v                             ; yes             ; Auto-Found Verilog HDL File              ; U:/CPRE281/lab12/lab12step5/fa.v                                    ;         ;
+----------------------------------+-----------------+------------------------------------------+---------------------------------------------------------------------+---------+


+------------------------------------------------------------------------------------+
; Analysis & Synthesis Resource Usage Summary                                        ;
+---------------------------------------------+--------------------------------------+
; Resource                                    ; Usage                                ;
+---------------------------------------------+--------------------------------------+
; Estimated Total logic elements              ; 20                                   ;
;                                             ;                                      ;
; Total combinational functions               ; 20                                   ;
; Logic element usage by number of LUT inputs ;                                      ;
;     -- 4 input functions                    ; 17                                   ;
;     -- 3 input functions                    ; 2                                    ;
;     -- <=2 input functions                  ; 1                                    ;
;                                             ;                                      ;
; Logic elements by mode                      ;                                      ;
;     -- normal mode                          ; 20                                   ;
;     -- arithmetic mode                      ; 0                                    ;
;                                             ;                                      ;
; Total registers                             ; 4                                    ;
;     -- Dedicated logic registers            ; 4                                    ;
;     -- I/O registers                        ; 0                                    ;
;                                             ;                                      ;
; I/O pins                                    ; 34                                   ;
;                                             ;                                      ;
; Embedded Multiplier 9-bit elements          ; 0                                    ;
;                                             ;                                      ;
; Maximum fan-out node                        ; regfile2:inst|Mux8_4b:my_muxP|Mux3~0 ;
; Maximum fan-out                             ; 11                                   ;
; Total fan-out                               ; 135                                  ;
; Average fan-out                             ; 1.47                                 ;
+---------------------------------------------+--------------------------------------+


+----------------------------------------------------------------------------------------------------------------------------------------------------------------------------------------------------------------------------------------------------------------------------------------------------------------------+
; Analysis & Synthesis Resource Utilization by Entity                                                                                                                                                                                                                                                                  ;
+--------------------------------------------+---------------------+---------------------------+-------------+--------------+---------+-----------+------+--------------+-----------------------------------------------------------------------------------------------------------+-------------------+--------------+
; Compilation Hierarchy Node                 ; Combinational ALUTs ; Dedicated Logic Registers ; Memory Bits ; DSP Elements ; DSP 9x9 ; DSP 18x18 ; Pins ; Virtual Pins ; Full Hierarchy Name                                                                                       ; Entity Name       ; Library Name ;
+--------------------------------------------+---------------------+---------------------------+-------------+--------------+---------+-----------+------+--------------+-----------------------------------------------------------------------------------------------------------+-------------------+--------------+
; |lab12step5                                ; 20 (0)              ; 4 (0)                     ; 0           ; 0            ; 0       ; 0         ; 34   ; 0            ; |lab12step5                                                                                               ; lab12step5        ; work         ;
;    |lab74bit:inst10|                       ; 3 (0)               ; 0 (0)                     ; 0           ; 0            ; 0       ; 0         ; 0    ; 0            ; |lab12step5|lab74bit:inst10                                                                               ; lab74bit          ; work         ;
;       |FA:b2v_inst2|                       ; 1 (1)               ; 0 (0)                     ; 0           ; 0            ; 0       ; 0         ; 0    ; 0            ; |lab12step5|lab74bit:inst10|FA:b2v_inst2                                                                  ; FA                ; work         ;
;       |FA:b2v_inst|                        ; 2 (2)               ; 0 (0)                     ; 0           ; 0            ; 0       ; 0         ; 0    ; 0            ; |lab12step5|lab74bit:inst10|FA:b2v_inst                                                                   ; FA                ; work         ;
;    |regfile2:inst|                         ; 10 (0)              ; 4 (0)                     ; 0           ; 0            ; 0       ; 0         ; 0    ; 0            ; |lab12step5|regfile2:inst                                                                                 ; regfile2          ; work         ;
;       |Decoder3to8:my_decoder|             ; 1 (1)               ; 0 (0)                     ; 0           ; 0            ; 0       ; 0         ; 0    ; 0            ; |lab12step5|regfile2:inst|Decoder3to8:my_decoder                                                          ; Decoder3to8       ; work         ;
;       |Mux8_4b:my_muxP|                    ; 4 (4)               ; 0 (0)                     ; 0           ; 0            ; 0       ; 0         ; 0    ; 0            ; |lab12step5|regfile2:inst|Mux8_4b:my_muxP                                                                 ; Mux8_4b           ; work         ;
;       |reg4b:my_reg0|                      ; 5 (0)               ; 4 (0)                     ; 0           ; 0            ; 0       ; 0         ; 0    ; 0            ; |lab12step5|regfile2:inst|reg4b:my_reg0                                                                   ; reg4b             ; work         ;
;          |register:inst1|                  ; 1 (0)               ; 1 (1)                     ; 0           ; 0            ; 0       ; 0         ; 0    ; 0            ; |lab12step5|regfile2:inst|reg4b:my_reg0|register:inst1                                                    ; register          ; work         ;
;             |busmux:inst1|                 ; 1 (0)               ; 0 (0)                     ; 0           ; 0            ; 0       ; 0         ; 0    ; 0            ; |lab12step5|regfile2:inst|reg4b:my_reg0|register:inst1|busmux:inst1                                       ; busmux            ; work         ;
;                |lpm_mux:$00000|            ; 1 (0)               ; 0 (0)                     ; 0           ; 0            ; 0       ; 0         ; 0    ; 0            ; |lab12step5|regfile2:inst|reg4b:my_reg0|register:inst1|busmux:inst1|lpm_mux:$00000                        ; lpm_mux           ; work         ;
;                   |mux_7rc:auto_generated| ; 1 (1)               ; 0 (0)                     ; 0           ; 0            ; 0       ; 0         ; 0    ; 0            ; |lab12step5|regfile2:inst|reg4b:my_reg0|register:inst1|busmux:inst1|lpm_mux:$00000|mux_7rc:auto_generated ; mux_7rc           ; work         ;
;          |register:inst2|                  ; 2 (0)               ; 1 (1)                     ; 0           ; 0            ; 0       ; 0         ; 0    ; 0            ; |lab12step5|regfile2:inst|reg4b:my_reg0|register:inst2                                                    ; register          ; work         ;
;             |busmux:inst1|                 ; 2 (0)               ; 0 (0)                     ; 0           ; 0            ; 0       ; 0         ; 0    ; 0            ; |lab12step5|regfile2:inst|reg4b:my_reg0|register:inst2|busmux:inst1                                       ; busmux            ; work         ;
;                |lpm_mux:$00000|            ; 2 (0)               ; 0 (0)                     ; 0           ; 0            ; 0       ; 0         ; 0    ; 0            ; |lab12step5|regfile2:inst|reg4b:my_reg0|register:inst2|busmux:inst1|lpm_mux:$00000                        ; lpm_mux           ; work         ;
;                   |mux_7rc:auto_generated| ; 2 (2)               ; 0 (0)                     ; 0           ; 0            ; 0       ; 0         ; 0    ; 0            ; |lab12step5|regfile2:inst|reg4b:my_reg0|register:inst2|busmux:inst1|lpm_mux:$00000|mux_7rc:auto_generated ; mux_7rc           ; work         ;
;          |register:inst3|                  ; 1 (0)               ; 1 (1)                     ; 0           ; 0            ; 0       ; 0         ; 0    ; 0            ; |lab12step5|regfile2:inst|reg4b:my_reg0|register:inst3                                                    ; register          ; work         ;
;             |busmux:inst1|                 ; 1 (0)               ; 0 (0)                     ; 0           ; 0            ; 0       ; 0         ; 0    ; 0            ; |lab12step5|regfile2:inst|reg4b:my_reg0|register:inst3|busmux:inst1                                       ; busmux            ; work         ;
;                |lpm_mux:$00000|            ; 1 (0)               ; 0 (0)                     ; 0           ; 0            ; 0       ; 0         ; 0    ; 0            ; |lab12step5|regfile2:inst|reg4b:my_reg0|register:inst3|busmux:inst1|lpm_mux:$00000                        ; lpm_mux           ; work         ;
;                   |mux_7rc:auto_generated| ; 1 (1)               ; 0 (0)                     ; 0           ; 0            ; 0       ; 0         ; 0    ; 0            ; |lab12step5|regfile2:inst|reg4b:my_reg0|register:inst3|busmux:inst1|lpm_mux:$00000|mux_7rc:auto_generated ; mux_7rc           ; work         ;
;          |register:inst|                   ; 1 (0)               ; 1 (1)                     ; 0           ; 0            ; 0       ; 0         ; 0    ; 0            ; |lab12step5|regfile2:inst|reg4b:my_reg0|register:inst                                                     ; register          ; work         ;
;             |busmux:inst1|                 ; 1 (0)               ; 0 (0)                     ; 0           ; 0            ; 0       ; 0         ; 0    ; 0            ; |lab12step5|regfile2:inst|reg4b:my_reg0|register:inst|busmux:inst1                                        ; busmux            ; work         ;
;                |lpm_mux:$00000|            ; 1 (0)               ; 0 (0)                     ; 0           ; 0            ; 0       ; 0         ; 0    ; 0            ; |lab12step5|regfile2:inst|reg4b:my_reg0|register:inst|busmux:inst1|lpm_mux:$00000                         ; lpm_mux           ; work         ;
;                   |mux_7rc:auto_generated| ; 1 (1)               ; 0 (0)                     ; 0           ; 0            ; 0       ; 0         ; 0    ; 0            ; |lab12step5|regfile2:inst|reg4b:my_reg0|register:inst|busmux:inst1|lpm_mux:$00000|mux_7rc:auto_generated  ; mux_7rc           ; work         ;
;    |seven_seg_decoder:inst2|               ; 7 (7)               ; 0 (0)                     ; 0           ; 0            ; 0       ; 0         ; 0    ; 0            ; |lab12step5|seven_seg_decoder:inst2                                                                       ; seven_seg_decoder ; work         ;
+--------------------------------------------+---------------------+---------------------------+-------------+--------------+---------+-----------+------+--------------+-----------------------------------------------------------------------------------------------------------+-------------------+--------------+
Note: For table entries with two numbers listed, the numbers in parentheses indicate the number of resources of the given type used by the specific entity alone. The numbers listed outside of parentheses indicate the total resources of the given type used by the specific entity and all of its sub-entities in the hierarchy.


+------------------------------------------------------+
; General Register Statistics                          ;
+----------------------------------------------+-------+
; Statistic                                    ; Value ;
+----------------------------------------------+-------+
; Total registers                              ; 4     ;
; Number of registers using Synchronous Clear  ; 0     ;
; Number of registers using Synchronous Load   ; 0     ;
; Number of registers using Asynchronous Clear ; 4     ;
; Number of registers using Asynchronous Load  ; 0     ;
; Number of registers using Clock Enable       ; 4     ;
; Number of registers using Preset             ; 0     ;
+----------------------------------------------+-------+


+--------------------------------------------------------------------------------------------------------------------------------------------------------------------------+
; Multiplexer Restructuring Statistics (Restructuring Performed)                                                                                                           ;
+--------------------+-----------+---------------+----------------------+------------------------+------------+------------------------------------------------------------+
; Multiplexer Inputs ; Bus Width ; Baseline Area ; Area if Restructured ; Saving if Restructured ; Registered ; Example Multiplexer Output                                 ;
+--------------------+-----------+---------------+----------------------+------------------------+------------+------------------------------------------------------------+
; 3:1                ; 4 bits    ; 8 LEs         ; 4 LEs                ; 4 LEs                  ; Yes        ; |lab12step5|regfile2:inst|reg4b:my_reg0|register:inst|inst ;
+--------------------+-----------+---------------+----------------------+------------------------+------------+------------------------------------------------------------+


+------------------------------------------------------------------------------------------------------+
; Parameter Settings for User Entity Instance: regfile2:inst|reg4b:my_reg0|register:inst3|BUSMUX:inst1 ;
+----------------+-------+-----------------------------------------------------------------------------+
; Parameter Name ; Value ; Type                                                                        ;
+----------------+-------+-----------------------------------------------------------------------------+
; WIDTH          ; 1     ; Untyped                                                                     ;
+----------------+-------+-----------------------------------------------------------------------------+
Note: In order to hide this table in the UI and the text report file, please set the "Show Parameter Settings in Synthesis Report" option in "Analysis and Synthesis Settings -> More Settings" to "Off".


+------------------------------------------------------------------------------------------------------+
; Parameter Settings for User Entity Instance: regfile2:inst|reg4b:my_reg0|register:inst2|BUSMUX:inst1 ;
+----------------+-------+-----------------------------------------------------------------------------+
; Parameter Name ; Value ; Type                                                                        ;
+----------------+-------+-----------------------------------------------------------------------------+
; WIDTH          ; 1     ; Untyped                                                                     ;
+----------------+-------+-----------------------------------------------------------------------------+
Note: In order to hide this table in the UI and the text report file, please set the "Show Parameter Settings in Synthesis Report" option in "Analysis and Synthesis Settings -> More Settings" to "Off".


+------------------------------------------------------------------------------------------------------+
; Parameter Settings for User Entity Instance: regfile2:inst|reg4b:my_reg0|register:inst1|BUSMUX:inst1 ;
+----------------+-------+-----------------------------------------------------------------------------+
; Parameter Name ; Value ; Type                                                                        ;
+----------------+-------+-----------------------------------------------------------------------------+
; WIDTH          ; 1     ; Untyped                                                                     ;
+----------------+-------+-----------------------------------------------------------------------------+
Note: In order to hide this table in the UI and the text report file, please set the "Show Parameter Settings in Synthesis Report" option in "Analysis and Synthesis Settings -> More Settings" to "Off".


+-----------------------------------------------------------------------------------------------------+
; Parameter Settings for User Entity Instance: regfile2:inst|reg4b:my_reg0|register:inst|BUSMUX:inst1 ;
+----------------+-------+----------------------------------------------------------------------------+
; Parameter Name ; Value ; Type                                                                       ;
+----------------+-------+----------------------------------------------------------------------------+
; WIDTH          ; 1     ; Untyped                                                                    ;
+----------------+-------+----------------------------------------------------------------------------+
Note: In order to hide this table in the UI and the text report file, please set the "Show Parameter Settings in Synthesis Report" option in "Analysis and Synthesis Settings -> More Settings" to "Off".


+-----------------------------------------------------------+
; Parameter Settings for User Entity Instance: BUSMUX:inst1 ;
+----------------+-------+----------------------------------+
; Parameter Name ; Value ; Type                             ;
+----------------+-------+----------------------------------+
; WIDTH          ; 4     ; Untyped                          ;
+----------------+-------+----------------------------------+
Note: In order to hide this table in the UI and the text report file, please set the "Show Parameter Settings in Synthesis Report" option in "Analysis and Synthesis Settings -> More Settings" to "Off".


+----------------------------------------------------------------------------------------------------------------+
; Port Connectivity Checks: "regfile2:inst|Decoder3to8:my_decoder"                                               ;
+------+--------+----------+-------------------------------------------------------------------------------------+
; Port ; Type   ; Severity ; Details                                                                             ;
+------+--------+----------+-------------------------------------------------------------------------------------+
; Y1   ; Output ; Info     ; Connected to dangling logic. Logic that only feeds a dangling port will be removed. ;
; Y2   ; Output ; Info     ; Connected to dangling logic. Logic that only feeds a dangling port will be removed. ;
; Y3   ; Output ; Info     ; Connected to dangling logic. Logic that only feeds a dangling port will be removed. ;
; Y4   ; Output ; Info     ; Connected to dangling logic. Logic that only feeds a dangling port will be removed. ;
; Y5   ; Output ; Info     ; Connected to dangling logic. Logic that only feeds a dangling port will be removed. ;
; Y6   ; Output ; Info     ; Connected to dangling logic. Logic that only feeds a dangling port will be removed. ;
; Y7   ; Output ; Info     ; Connected to dangling logic. Logic that only feeds a dangling port will be removed. ;
+------+--------+----------+-------------------------------------------------------------------------------------+


+-----------------------------------------------------+
; Post-Synthesis Netlist Statistics for Top Partition ;
+-----------------------+-----------------------------+
; Type                  ; Count                       ;
+-----------------------+-----------------------------+
; boundary_port         ; 34                          ;
; cycloneiii_ff         ; 4                           ;
;     ENA CLR           ; 4                           ;
; cycloneiii_lcell_comb ; 23                          ;
;     normal            ; 23                          ;
;         0 data inputs ; 2                           ;
;         1 data inputs ; 1                           ;
;         2 data inputs ; 1                           ;
;         3 data inputs ; 2                           ;
;         4 data inputs ; 17                          ;
;                       ;                             ;
; Max LUT depth         ; 3.00                        ;
; Average LUT depth     ; 2.07                        ;
+-----------------------+-----------------------------+


+-------------------------------+
; Elapsed Time Per Partition    ;
+----------------+--------------+
; Partition Name ; Elapsed Time ;
+----------------+--------------+
; Top            ; 00:00:00     ;
+----------------+--------------+


+-------------------------------+
; Analysis & Synthesis Messages ;
+-------------------------------+
Info: *******************************************************************
Info: Running Quartus Prime Analysis & Synthesis
    Info: Version 23.1std.1 Build 993 05/14/2024 SC Standard Edition
    Info: Processing started: Mon May  5 17:38:59 2025
Info: Command: quartus_map --read_settings_files=on --write_settings_files=off lab12step5 -c lab12step5
Warning (18236): Number of processors has not been specified which may cause overloading on shared machines.  Set the global assignment NUM_PARALLEL_PROCESSORS in your QSF to an appropriate value for best performance.
Info (20030): Parallel compilation is enabled and will use 16 of the 16 processors detected
Info (12021): Found 1 design units, including 1 entities, in source file lab12step5.bdf
    Info (12023): Found entity 1: lab12step5
Info (12127): Elaborating entity "lab12step5" for the top level hierarchy
Warning (10263): Verilog HDL Event Control warning at seven_seg_decoder.v(5): event expression contains "|" or "||" File: U:/CPRE281/lab12/lab12step5/seven_seg_decoder.v Line: 5
Warning (12125): Using design file seven_seg_decoder.v, which is not specified as a design file for the current project, but contains definitions for 1 design units and 1 entities in project
    Info (12023): Found entity 1: seven_seg_decoder File: U:/CPRE281/lab12/lab12step5/seven_seg_decoder.v Line: 1
Info (12128): Elaborating entity "seven_seg_decoder" for hierarchy "seven_seg_decoder:inst2"
Warning (12125): Using design file regfile2.v, which is not specified as a design file for the current project, but contains definitions for 1 design units and 1 entities in project
    Info (12023): Found entity 1: regfile2 File: U:/CPRE281/lab12/lab12step5/regfile2.v Line: 1
Warning (10236): Verilog HDL Implicit Net warning at regfile2.v(16): created implicit net for "Y0" File: U:/CPRE281/lab12/lab12step5/regfile2.v Line: 16
Warning (10236): Verilog HDL Implicit Net warning at regfile2.v(16): created implicit net for "Y1" File: U:/CPRE281/lab12/lab12step5/regfile2.v Line: 16
Warning (10236): Verilog HDL Implicit Net warning at regfile2.v(17): created implicit net for "Y2" File: U:/CPRE281/lab12/lab12step5/regfile2.v Line: 17
Warning (10236): Verilog HDL Implicit Net warning at regfile2.v(17): created implicit net for "Y3" File: U:/CPRE281/lab12/lab12step5/regfile2.v Line: 17
Warning (10236): Verilog HDL Implicit Net warning at regfile2.v(17): created implicit net for "Y4" File: U:/CPRE281/lab12/lab12step5/regfile2.v Line: 17
Warning (10236): Verilog HDL Implicit Net warning at regfile2.v(17): created implicit net for "Y5" File: U:/CPRE281/lab12/lab12step5/regfile2.v Line: 17
Warning (10236): Verilog HDL Implicit Net warning at regfile2.v(17): created implicit net for "Y6" File: U:/CPRE281/lab12/lab12step5/regfile2.v Line: 17
Warning (10236): Verilog HDL Implicit Net warning at regfile2.v(17): created implicit net for "Y7" File: U:/CPRE281/lab12/lab12step5/regfile2.v Line: 17
Info (12128): Elaborating entity "regfile2" for hierarchy "regfile2:inst"
Warning (10858): Verilog HDL warning at regfile2.v(14): object DATAQ used but never assigned File: U:/CPRE281/lab12/lab12step5/regfile2.v Line: 14
Warning (10030): Net "DATAQ" at regfile2.v(14) has no driver or initial value, using a default initial value '0' File: U:/CPRE281/lab12/lab12step5/regfile2.v Line: 14
Warning (12125): Using design file decoder3to8.v, which is not specified as a design file for the current project, but contains definitions for 1 design units and 1 entities in project
    Info (12023): Found entity 1: Decoder3to8 File: U:/CPRE281/lab12/lab12step5/decoder3to8.v Line: 1
Info (12128): Elaborating entity "Decoder3to8" for hierarchy "regfile2:inst|Decoder3to8:my_decoder" File: U:/CPRE281/lab12/lab12step5/regfile2.v Line: 17
Warning (12125): Using design file reg4b.bdf, which is not specified as a design file for the current project, but contains definitions for 1 design units and 1 entities in project
    Info (12023): Found entity 1: reg4b
Info (12128): Elaborating entity "reg4b" for hierarchy "regfile2:inst|reg4b:my_reg0" File: U:/CPRE281/lab12/lab12step5/regfile2.v Line: 19
Warning (12125): Using design file register.bdf, which is not specified as a design file for the current project, but contains definitions for 1 design units and 1 entities in project
    Info (12023): Found entity 1: register
Info (12128): Elaborating entity "register" for hierarchy "regfile2:inst|reg4b:my_reg0|register:inst3"
Info (12128): Elaborating entity "BUSMUX" for hierarchy "regfile2:inst|reg4b:my_reg0|register:inst3|BUSMUX:inst1"
Info (12130): Elaborated megafunction instantiation "regfile2:inst|reg4b:my_reg0|register:inst3|BUSMUX:inst1"
Info (12133): Instantiated megafunction "regfile2:inst|reg4b:my_reg0|register:inst3|BUSMUX:inst1" with the following parameter:
    Info (12134): Parameter "WIDTH" = "1"
Info (12128): Elaborating entity "lpm_mux" for hierarchy "regfile2:inst|reg4b:my_reg0|register:inst3|BUSMUX:inst1|lpm_mux:$00000" File: c:/intelfpga/23.1std/quartus/libraries/megafunctions/busmux.tdf Line: 44
Info (12131): Elaborated megafunction instantiation "regfile2:inst|reg4b:my_reg0|register:inst3|BUSMUX:inst1|lpm_mux:$00000", which is child of megafunction instantiation "regfile2:inst|reg4b:my_reg0|register:inst3|BUSMUX:inst1" File: c:/intelfpga/23.1std/quartus/libraries/megafunctions/busmux.tdf Line: 44
Info (12021): Found 1 design units, including 1 entities, in source file db/mux_7rc.tdf
    Info (12023): Found entity 1: mux_7rc File: U:/CPRE281/lab12/lab12step5/db/mux_7rc.tdf Line: 23
Info (12128): Elaborating entity "mux_7rc" for hierarchy "regfile2:inst|reg4b:my_reg0|register:inst3|BUSMUX:inst1|lpm_mux:$00000|mux_7rc:auto_generated" File: c:/intelfpga/23.1std/quartus/libraries/megafunctions/lpm_mux.tdf Line: 87
Warning (12125): Using design file mux8_4b.v, which is not specified as a design file for the current project, but contains definitions for 1 design units and 1 entities in project
    Info (12023): Found entity 1: Mux8_4b File: U:/CPRE281/lab12/lab12step5/mux8_4b.v Line: 1
Info (12128): Elaborating entity "Mux8_4b" for hierarchy "regfile2:inst|Mux8_4b:my_muxP" File: U:/CPRE281/lab12/lab12step5/regfile2.v Line: 23
Warning (10235): Verilog HDL Always Construct warning at mux8_4b.v(10): variable "S2" is read inside the Always Construct but isn't in the Always Construct's Event Control File: U:/CPRE281/lab12/lab12step5/mux8_4b.v Line: 10
Warning (10235): Verilog HDL Always Construct warning at mux8_4b.v(10): variable "S1" is read inside the Always Construct but isn't in the Always Construct's Event Control File: U:/CPRE281/lab12/lab12step5/mux8_4b.v Line: 10
Warning (10235): Verilog HDL Always Construct warning at mux8_4b.v(10): variable "S0" is read inside the Always Construct but isn't in the Always Construct's Event Control File: U:/CPRE281/lab12/lab12step5/mux8_4b.v Line: 10
Info (12128): Elaborating entity "BUSMUX" for hierarchy "BUSMUX:inst1"
Info (12130): Elaborated megafunction instantiation "BUSMUX:inst1"
Info (12133): Instantiated megafunction "BUSMUX:inst1" with the following parameter:
    Info (12134): Parameter "WIDTH" = "4"
Info (12128): Elaborating entity "lpm_mux" for hierarchy "BUSMUX:inst1|lpm_mux:$00000" File: c:/intelfpga/23.1std/quartus/libraries/megafunctions/busmux.tdf Line: 44
Info (12131): Elaborated megafunction instantiation "BUSMUX:inst1|lpm_mux:$00000", which is child of megafunction instantiation "BUSMUX:inst1" File: c:/intelfpga/23.1std/quartus/libraries/megafunctions/busmux.tdf Line: 44
Info (12021): Found 1 design units, including 1 entities, in source file db/mux_arc.tdf
    Info (12023): Found entity 1: mux_arc File: U:/CPRE281/lab12/lab12step5/db/mux_arc.tdf Line: 23
Info (12128): Elaborating entity "mux_arc" for hierarchy "BUSMUX:inst1|lpm_mux:$00000|mux_arc:auto_generated" File: c:/intelfpga/23.1std/quartus/libraries/megafunctions/lpm_mux.tdf Line: 87
Warning (12125): Using design file lab74bit.v, which is not specified as a design file for the current project, but contains definitions for 1 design units and 1 entities in project
    Info (12023): Found entity 1: lab74bit File: U:/CPRE281/lab12/lab12step5/lab74bit.v Line: 20
Warning (12300): Found the following files while searching for definition of entity "lab74bit", but did not use these files because already using a different file containing the entity definition
    Warning (12126): File: lab74bit.bdf
Info (12128): Elaborating entity "lab74bit" for hierarchy "lab74bit:inst10"
Warning (12125): Using design file fa.v, which is not specified as a design file for the current project, but contains definitions for 1 design units and 1 entities in project
    Info (12023): Found entity 1: FA File: U:/CPRE281/lab12/lab12step5/fa.v Line: 1
Info (12128): Elaborating entity "FA" for hierarchy "lab74bit:inst10|FA:b2v_inst" File: U:/CPRE281/lab12/lab12step5/lab74bit.v Line: 70
Warning (13024): Output pins are stuck at VCC or GND
    Warning (13410): Pin "QA" is stuck at GND
    Warning (13410): Pin "QB" is stuck at GND
    Warning (13410): Pin "QC" is stuck at GND
    Warning (13410): Pin "QD" is stuck at GND
    Warning (13410): Pin "QE" is stuck at GND
    Warning (13410): Pin "QF" is stuck at GND
    Warning (13410): Pin "QG" is stuck at VCC
Info (286030): Timing-Driven Synthesis is running
Info (16010): Generating hard_block partition "hard_block:auto_generated_inst"
    Info (16011): Adding 0 node(s), including 0 DDIO, 0 PLL, 0 transceiver and 0 LCELL
Warning (21074): Design contains 3 input pin(s) that do not drive logic
    Warning (15610): No output dependent on input pin "RQ2"
    Warning (15610): No output dependent on input pin "RQ1"
    Warning (15610): No output dependent on input pin "RQ0"
Info (21057): Implemented 54 device resources after synthesis - the final resource count might be different
    Info (21058): Implemented 18 input pins
    Info (21059): Implemented 16 output pins
    Info (21061): Implemented 20 logic cells
Info: Quartus Prime Analysis & Synthesis was successful. 0 errors, 37 warnings
    Info: Peak virtual memory: 4857 megabytes
    Info: Processing ended: Mon May  5 17:39:06 2025
    Info: Elapsed time: 00:00:07
    Info: Total CPU time (on all processors): 00:00:02


